0 info it worked if it ends with ok
1 verbose cli [ 'c:\\Program Files\\nodejs\\node.exe',
1 verbose cli   'c:\\Program Files\\nodejs\\node_modules\\npm\\bin\\npm-cli.js',
1 verbose cli   'install',
1 verbose cli   'basic-auth' ]
2 info using npm@2.11.3
3 info using node@v0.12.7
4 verbose install initial load of c:\Users\PaavanB\Documents\webdesign\portfol\p44v9n.github.io\package.json
5 verbose readDependencies loading dependencies from c:\Users\PaavanB\Documents\webdesign\portfol\p44v9n.github.io\package.json
6 silly cache add args [ 'basic-auth', null ]
7 verbose cache add spec basic-auth
8 silly cache add parsed spec { raw: 'basic-auth',
8 silly cache add   scope: null,
8 silly cache add   name: 'basic-auth',
8 silly cache add   rawSpec: '',
8 silly cache add   spec: '*',
8 silly cache add   type: 'range' }
9 silly addNamed basic-auth@*
10 verbose addNamed "*" is a valid semver range for basic-auth
11 silly addNameRange { name: 'basic-auth', range: '*', hasData: false }
12 silly mapToRegistry name basic-auth
13 silly mapToRegistry using default registry
14 silly mapToRegistry registry https://registry.npmjs.org/
15 silly mapToRegistry uri https://registry.npmjs.org/basic-auth
16 verbose addNameRange registry:https://registry.npmjs.org/basic-auth not in flight; fetching
17 verbose request uri https://registry.npmjs.org/basic-auth
18 verbose request no auth needed
19 info attempt registry request try #1 at 1:39:59 PM
20 verbose request id 183a9498b1bb9807
21 http request GET https://registry.npmjs.org/basic-auth
22 info retry will retry, error on last attempt: Error: getaddrinfo ENOENT
23 info attempt registry request try #2 at 1:40:09 PM
24 http request GET https://registry.npmjs.org/basic-auth
25 info retry will retry, error on last attempt: Error: getaddrinfo ENOENT
26 info attempt registry request try #3 at 1:41:09 PM
27 http request GET https://registry.npmjs.org/basic-auth
28 verbose stack Error: getaddrinfo ENOENT
28 verbose stack     at Object.exports._errnoException (util.js:746:11)
28 verbose stack     at errnoException (dns.js:49:15)
28 verbose stack     at GetAddrInfoReqWrap.onlookup [as oncomplete] (dns.js:94:26)
29 verbose cwd c:\Users\PaavanB\Documents\webdesign\portfol\p44v9n.github.io
30 error Windows_NT 6.3.9600
31 error argv "c:\\Program Files\\nodejs\\node.exe" "c:\\Program Files\\nodejs\\node_modules\\npm\\bin\\npm-cli.js" "install" "basic-auth"
32 error node v0.12.7
33 error npm  v2.11.3
34 error code ENOENT
35 error errno ENOENT
36 error syscall getaddrinfo
37 error enoent getaddrinfo ENOENT
37 error enoent This is most likely not a problem with npm itself
37 error enoent and is related to npm not being able to find a file.
38 verbose exit [ 1, true ]
